22:20:27.800 [main] INFO  com.data.trans.Application - Starting Application on dningcheng with PID 16172 (C:\Users\dning\git\dennis-demo\transboot\target\classes started by dennis in C:\Users\dning\git\dennis-demo\transboot)
22:20:27.836 [main] INFO  com.data.trans.Application - No active profile set, falling back to default profiles: default
22:20:28.284 [main] INFO  o.s.b.c.e.AnnotationConfigEmbeddedWebApplicationContext - Refreshing org.springframework.boot.context.embedded.AnnotationConfigEmbeddedWebApplicationContext@1356d4d4: startup date [Fri Mar 23 22:20:28 CST 2018]; root of context hierarchy
22:20:29.359 [main] INFO  o.s.d.r.c.RepositoryConfigurationDelegate - Multiple Spring Data modules found, entering strict repository configuration mode!
22:20:30.995 [main] INFO  c.alibaba.druid.pool.DruidDataSource - {dataSource-1} inited
22:20:31.030 [main] INFO  com.data.trans.config.DruidDBConfig - druid连接池初始化完毕!
22:20:32.081 [main] INFO  o.s.b.c.e.t.TomcatEmbeddedServletContainer - Tomcat initialized with port(s): 8080 (http)
22:20:32.095 [main] INFO  o.a.catalina.core.StandardService - Starting service [Tomcat]
22:20:32.097 [main] INFO  o.a.catalina.core.StandardEngine - Starting Servlet Engine: Apache Tomcat/8.5.23
22:20:32.308 [localhost-startStop-1] INFO  o.a.c.c.C.[Tomcat].[localhost].[/] - Initializing Spring embedded WebApplicationContext
22:20:32.309 [localhost-startStop-1] INFO  o.s.web.context.ContextLoader - Root WebApplicationContext: initialization completed in 4025 ms
22:20:32.602 [localhost-startStop-1] INFO  o.s.b.w.s.ServletRegistrationBean - Mapping servlet: 'dispatcherServlet' to [/]
22:20:32.607 [localhost-startStop-1] INFO  o.s.b.w.s.FilterRegistrationBean - Mapping filter: 'characterEncodingFilter' to: [/*]
22:20:32.611 [localhost-startStop-1] INFO  o.s.b.w.s.FilterRegistrationBean - Mapping filter: 'hiddenHttpMethodFilter' to: [/*]
22:20:32.612 [localhost-startStop-1] INFO  o.s.b.w.s.FilterRegistrationBean - Mapping filter: 'httpPutFormContentFilter' to: [/*]
22:20:32.612 [localhost-startStop-1] INFO  o.s.b.w.s.FilterRegistrationBean - Mapping filter: 'requestContextFilter' to: [/*]
22:20:32.720 [main] INFO  com.data.trans.config.ElasticConfig - 开始初始化es连接池...
22:21:10.601 [main] INFO  com.data.trans.Application - Starting Application on dningcheng with PID 17856 (C:\Users\dning\git\dennis-demo\transboot\target\classes started by dennis in C:\Users\dning\git\dennis-demo\transboot)
22:21:10.610 [main] INFO  com.data.trans.Application - No active profile set, falling back to default profiles: default
22:21:11.241 [main] INFO  o.s.b.c.e.AnnotationConfigEmbeddedWebApplicationContext - Refreshing org.springframework.boot.context.embedded.AnnotationConfigEmbeddedWebApplicationContext@1356d4d4: startup date [Fri Mar 23 22:21:11 CST 2018]; root of context hierarchy
22:21:12.279 [main] INFO  o.s.d.r.c.RepositoryConfigurationDelegate - Multiple Spring Data modules found, entering strict repository configuration mode!
22:21:13.543 [main] INFO  c.alibaba.druid.pool.DruidDataSource - {dataSource-1} inited
22:21:13.578 [main] INFO  com.data.trans.config.DruidDBConfig - druid连接池初始化完毕!
22:21:14.442 [main] INFO  o.s.b.c.e.t.TomcatEmbeddedServletContainer - Tomcat initialized with port(s): 8080 (http)
22:21:14.453 [main] INFO  o.a.catalina.core.StandardService - Starting service [Tomcat]
22:21:14.456 [main] INFO  o.a.catalina.core.StandardEngine - Starting Servlet Engine: Apache Tomcat/8.5.23
22:21:14.668 [localhost-startStop-1] INFO  o.a.c.c.C.[Tomcat].[localhost].[/] - Initializing Spring embedded WebApplicationContext
22:21:14.669 [localhost-startStop-1] INFO  o.s.web.context.ContextLoader - Root WebApplicationContext: initialization completed in 3428 ms
22:21:14.975 [localhost-startStop-1] INFO  o.s.b.w.s.ServletRegistrationBean - Mapping servlet: 'dispatcherServlet' to [/]
22:21:14.982 [localhost-startStop-1] INFO  o.s.b.w.s.FilterRegistrationBean - Mapping filter: 'characterEncodingFilter' to: [/*]
22:21:14.982 [localhost-startStop-1] INFO  o.s.b.w.s.FilterRegistrationBean - Mapping filter: 'hiddenHttpMethodFilter' to: [/*]
22:21:14.983 [localhost-startStop-1] INFO  o.s.b.w.s.FilterRegistrationBean - Mapping filter: 'httpPutFormContentFilter' to: [/*]
22:21:14.983 [localhost-startStop-1] INFO  o.s.b.w.s.FilterRegistrationBean - Mapping filter: 'requestContextFilter' to: [/*]
22:21:15.102 [main] INFO  com.data.trans.config.ElasticConfig - 开始初始化es连接池...
22:21:15.103 [main] INFO  com.data.trans.config.ElasticConfig - 初始化es连接池结束！
22:21:15.617 [main] INFO  o.s.s.c.ThreadPoolTaskExecutor - Initializing ExecutorService  'clientInboundChannelExecutor'
22:21:15.636 [main] INFO  o.s.s.c.ThreadPoolTaskExecutor - Initializing ExecutorService  'clientOutboundChannelExecutor'
22:21:15.852 [main] INFO  o.s.s.c.ThreadPoolTaskScheduler - Initializing ExecutorService  'messageBrokerTaskScheduler'
22:21:15.925 [main] INFO  o.s.w.s.s.s.WebSocketHandlerMapping - Mapped URL path [/myCmdEndpoint/**] onto handler of type [class org.springframework.web.socket.sockjs.support.SockJsHttpRequestHandler]
22:21:15.942 [main] INFO  o.s.s.c.ThreadPoolTaskExecutor - Initializing ExecutorService  'brokerChannelExecutor'
22:21:16.094 [main] INFO  o.s.w.s.m.WebSocketAnnotationMethodMessageHandler - Mapped "{[/myCmd],messageType=[MESSAGE]}" onto public com.data.trans.util.CmdUtil com.data.trans.controller.CmdControlller.cmdInter(com.data.trans.util.CmdUtil) throws java.lang.Exception
22:21:16.410 [main] INFO  o.s.w.s.m.m.a.RequestMappingHandlerAdapter - Looking for @ControllerAdvice: org.springframework.boot.context.embedded.AnnotationConfigEmbeddedWebApplicationContext@1356d4d4: startup date [Fri Mar 23 22:21:11 CST 2018]; root of context hierarchy
22:21:16.494 [main] INFO  o.s.w.s.m.m.a.RequestMappingHandlerMapping - Mapped "{[/login]}" onto public java.lang.String com.data.trans.controller.ComController.login(java.util.Map<java.lang.String, java.lang.Object>,com.data.trans.model.User)
22:21:16.499 [main] INFO  o.s.w.s.m.m.a.RequestMappingHandlerMapping - Mapped "{[/error]}" onto public org.springframework.http.ResponseEntity<java.util.Map<java.lang.String, java.lang.Object>> org.springframework.boot.autoconfigure.web.BasicErrorController.error(javax.servlet.http.HttpServletRequest)
22:21:16.500 [main] INFO  o.s.w.s.m.m.a.RequestMappingHandlerMapping - Mapped "{[/error],produces=[text/html]}" onto public org.springframework.web.servlet.ModelAndView org.springframework.boot.autoconfigure.web.BasicErrorController.errorHtml(javax.servlet.http.HttpServletRequest,javax.servlet.http.HttpServletResponse)
22:21:16.526 [main] INFO  o.s.w.s.h.SimpleUrlHandlerMapping - Root mapping to handler of type [class org.springframework.web.servlet.mvc.ParameterizableViewController]
22:21:16.543 [main] INFO  o.s.w.s.h.SimpleUrlHandlerMapping - Mapped URL path [/webjars/**] onto handler of type [class org.springframework.web.servlet.resource.ResourceHttpRequestHandler]
22:21:16.544 [main] INFO  o.s.w.s.h.SimpleUrlHandlerMapping - Mapped URL path [/**] onto handler of type [class org.springframework.web.servlet.resource.ResourceHttpRequestHandler]
22:21:16.601 [main] INFO  o.s.w.s.h.SimpleUrlHandlerMapping - Mapped URL path [/**/favicon.ico] onto handler of type [class org.springframework.web.servlet.resource.ResourceHttpRequestHandler]
22:21:17.501 [main] WARN  o.s.b.s.r.RedisStarterDeprecationWarningAutoConfiguration - spring-boot-starter-redis is deprecated as of Spring Boot 1.4, please migrate to spring-boot-starter-data-redis
22:21:17.568 [main] INFO  o.s.j.e.a.AnnotationMBeanExporter - Registering beans for JMX exposure on startup
22:21:17.570 [main] INFO  o.s.j.e.a.AnnotationMBeanExporter - Bean with name 'dataSource' has been autodetected for JMX exposure
22:21:17.576 [main] INFO  o.s.j.e.a.AnnotationMBeanExporter - Located MBean 'dataSource': registering with JMX server as MBean [com.alibaba.druid.pool:name=dataSource,type=DruidDataSource]
22:21:17.580 [main] INFO  o.s.c.s.DefaultLifecycleProcessor - Starting beans in phase 2147483647
22:21:17.580 [main] INFO  o.s.m.s.b.SimpleBrokerMessageHandler - Starting...
22:21:17.581 [main] INFO  o.s.m.s.b.SimpleBrokerMessageHandler - BrokerAvailabilityEvent[available=true, SimpleBrokerMessageHandler [DefaultSubscriptionRegistry[cache[0 destination(s)], registry[0 sessions]]]]
22:21:17.582 [main] INFO  o.s.m.s.b.SimpleBrokerMessageHandler - Started.
22:21:17.661 [main] INFO  o.s.b.c.e.t.TomcatEmbeddedServletContainer - Tomcat started on port(s): 8080 (http)
22:21:17.670 [main] INFO  com.data.trans.Application - Started Application in 7.787 seconds (JVM running for 8.349)
22:22:15.942 [MessageBroker-1] INFO  o.s.w.s.c.WebSocketMessageBrokerStats - WebSocketSession[0 current WS(0)-HttpStream(0)-HttpPoll(0), 0 total, 0 closed abnormally (0 connect failure, 0 send limit, 0 transport error)], stompSubProtocol[processed CONNECT(0)-CONNECTED(0)-DISCONNECT(0)], stompBrokerRelay[null], inboundChannel[pool size = 0, active threads = 0, queued tasks = 0, completed tasks = 0], outboundChannelpool size = 0, active threads = 0, queued tasks = 0, completed tasks = 0], sockJsScheduler[pool size = 1, active threads = 1, queued tasks = 0, completed tasks = 0]
22:22:39.646 [http-nio-8080-exec-1] INFO  o.a.c.c.C.[Tomcat].[localhost].[/] - Initializing Spring FrameworkServlet 'dispatcherServlet'
22:22:39.647 [http-nio-8080-exec-1] INFO  o.s.web.servlet.DispatcherServlet - FrameworkServlet 'dispatcherServlet': initialization started
22:22:39.703 [http-nio-8080-exec-1] INFO  o.s.web.servlet.DispatcherServlet - FrameworkServlet 'dispatcherServlet': initialization completed in 56 ms
23:04:59.062 [main] INFO  com.data.trans.Application - Starting Application on dningcheng with PID 15808 (C:\Users\dning\git\dennis-demo\transboot\target\classes started by dennis in C:\Users\dning\git\dennis-demo\transboot)
23:04:59.070 [main] INFO  com.data.trans.Application - No active profile set, falling back to default profiles: default
23:04:59.650 [main] INFO  o.s.b.c.e.AnnotationConfigEmbeddedWebApplicationContext - Refreshing org.springframework.boot.context.embedded.AnnotationConfigEmbeddedWebApplicationContext@1356d4d4: startup date [Fri Mar 23 23:04:59 CST 2018]; root of context hierarchy
23:05:00.699 [main] INFO  o.s.d.r.c.RepositoryConfigurationDelegate - Multiple Spring Data modules found, entering strict repository configuration mode!
23:05:01.963 [main] INFO  c.alibaba.druid.pool.DruidDataSource - {dataSource-1} inited
23:05:01.998 [main] INFO  com.data.trans.config.DruidDBConfig - druid连接池初始化完毕!
23:05:02.930 [main] INFO  o.s.b.c.e.t.TomcatEmbeddedServletContainer - Tomcat initialized with port(s): 8080 (http)
23:05:02.946 [main] INFO  o.a.catalina.core.StandardService - Starting service [Tomcat]
23:05:02.949 [main] INFO  o.a.catalina.core.StandardEngine - Starting Servlet Engine: Apache Tomcat/8.5.23
23:05:03.198 [localhost-startStop-1] INFO  o.a.c.c.C.[Tomcat].[localhost].[/] - Initializing Spring embedded WebApplicationContext
23:05:03.199 [localhost-startStop-1] INFO  o.s.web.context.ContextLoader - Root WebApplicationContext: initialization completed in 3549 ms
23:05:03.588 [localhost-startStop-1] INFO  o.s.b.w.s.ServletRegistrationBean - Mapping servlet: 'dispatcherServlet' to [/]
23:05:03.595 [localhost-startStop-1] INFO  o.s.b.w.s.FilterRegistrationBean - Mapping filter: 'characterEncodingFilter' to: [/*]
23:05:03.596 [localhost-startStop-1] INFO  o.s.b.w.s.FilterRegistrationBean - Mapping filter: 'hiddenHttpMethodFilter' to: [/*]
23:05:03.597 [localhost-startStop-1] INFO  o.s.b.w.s.FilterRegistrationBean - Mapping filter: 'httpPutFormContentFilter' to: [/*]
23:05:03.597 [localhost-startStop-1] INFO  o.s.b.w.s.FilterRegistrationBean - Mapping filter: 'requestContextFilter' to: [/*]
23:05:03.794 [main] INFO  com.data.trans.config.ElasticConfig - 开始初始化es连接池...
23:05:03.798 [main] INFO  com.data.trans.config.ElasticConfig - 初始化es连接池结束！
23:05:04.280 [main] INFO  o.s.s.c.ThreadPoolTaskExecutor - Initializing ExecutorService  'clientInboundChannelExecutor'
23:05:04.294 [main] INFO  o.s.s.c.ThreadPoolTaskExecutor - Initializing ExecutorService  'clientOutboundChannelExecutor'
23:05:04.481 [main] INFO  o.s.s.c.ThreadPoolTaskScheduler - Initializing ExecutorService  'messageBrokerTaskScheduler'
23:05:04.657 [main] INFO  o.s.w.s.s.s.WebSocketHandlerMapping - Mapped URL path [/myCmdEndpoint/**] onto handler of type [class org.springframework.web.socket.sockjs.support.SockJsHttpRequestHandler]
23:05:04.730 [main] INFO  o.s.s.c.ThreadPoolTaskExecutor - Initializing ExecutorService  'brokerChannelExecutor'
23:05:05.005 [main] INFO  o.s.w.s.m.WebSocketAnnotationMethodMessageHandler - Mapped "{[/myCmd],messageType=[MESSAGE]}" onto public com.data.trans.util.CmdUtil com.data.trans.controller.CmdControlller.cmdInter(com.data.trans.util.CmdUtil) throws java.lang.Exception
23:05:05.355 [main] INFO  o.s.w.s.m.m.a.RequestMappingHandlerAdapter - Looking for @ControllerAdvice: org.springframework.boot.context.embedded.AnnotationConfigEmbeddedWebApplicationContext@1356d4d4: startup date [Fri Mar 23 23:04:59 CST 2018]; root of context hierarchy
23:05:05.468 [main] INFO  o.s.w.s.m.m.a.RequestMappingHandlerMapping - Mapped "{[/login]}" onto public java.lang.String com.data.trans.controller.ComController.login(java.util.Map<java.lang.String, java.lang.Object>,com.data.trans.model.User)
23:05:05.474 [main] INFO  o.s.w.s.m.m.a.RequestMappingHandlerMapping - Mapped "{[/error]}" onto public org.springframework.http.ResponseEntity<java.util.Map<java.lang.String, java.lang.Object>> org.springframework.boot.autoconfigure.web.BasicErrorController.error(javax.servlet.http.HttpServletRequest)
23:05:05.475 [main] INFO  o.s.w.s.m.m.a.RequestMappingHandlerMapping - Mapped "{[/error],produces=[text/html]}" onto public org.springframework.web.servlet.ModelAndView org.springframework.boot.autoconfigure.web.BasicErrorController.errorHtml(javax.servlet.http.HttpServletRequest,javax.servlet.http.HttpServletResponse)
23:05:05.494 [main] INFO  o.s.w.s.h.SimpleUrlHandlerMapping - Root mapping to handler of type [class org.springframework.web.servlet.mvc.ParameterizableViewController]
23:05:05.521 [main] INFO  o.s.w.s.h.SimpleUrlHandlerMapping - Mapped URL path [/webjars/**] onto handler of type [class org.springframework.web.servlet.resource.ResourceHttpRequestHandler]
23:05:05.521 [main] INFO  o.s.w.s.h.SimpleUrlHandlerMapping - Mapped URL path [/**] onto handler of type [class org.springframework.web.servlet.resource.ResourceHttpRequestHandler]
23:05:05.600 [main] INFO  o.s.w.s.h.SimpleUrlHandlerMapping - Mapped URL path [/**/favicon.ico] onto handler of type [class org.springframework.web.servlet.resource.ResourceHttpRequestHandler]
23:05:06.565 [main] WARN  o.s.b.s.r.RedisStarterDeprecationWarningAutoConfiguration - spring-boot-starter-redis is deprecated as of Spring Boot 1.4, please migrate to spring-boot-starter-data-redis
23:05:06.637 [main] INFO  o.s.j.e.a.AnnotationMBeanExporter - Registering beans for JMX exposure on startup
23:05:06.640 [main] INFO  o.s.j.e.a.AnnotationMBeanExporter - Bean with name 'dataSource' has been autodetected for JMX exposure
23:05:06.647 [main] INFO  o.s.j.e.a.AnnotationMBeanExporter - Located MBean 'dataSource': registering with JMX server as MBean [com.alibaba.druid.pool:name=dataSource,type=DruidDataSource]
23:05:06.652 [main] INFO  o.s.c.s.DefaultLifecycleProcessor - Starting beans in phase 2147483647
23:05:06.653 [main] INFO  o.s.m.s.b.SimpleBrokerMessageHandler - Starting...
23:05:06.654 [main] INFO  o.s.m.s.b.SimpleBrokerMessageHandler - BrokerAvailabilityEvent[available=true, SimpleBrokerMessageHandler [DefaultSubscriptionRegistry[cache[0 destination(s)], registry[0 sessions]]]]
23:05:06.654 [main] INFO  o.s.m.s.b.SimpleBrokerMessageHandler - Started.
23:05:06.734 [main] INFO  o.s.b.c.e.t.TomcatEmbeddedServletContainer - Tomcat started on port(s): 8080 (http)
23:05:06.744 [main] INFO  com.data.trans.Application - Started Application in 8.511 seconds (JVM running for 9.108)
23:05:19.042 [http-nio-8080-exec-1] INFO  o.a.c.c.C.[Tomcat].[localhost].[/] - Initializing Spring FrameworkServlet 'dispatcherServlet'
23:05:19.043 [http-nio-8080-exec-1] INFO  o.s.web.servlet.DispatcherServlet - FrameworkServlet 'dispatcherServlet': initialization started
23:05:19.090 [http-nio-8080-exec-1] INFO  o.s.web.servlet.DispatcherServlet - FrameworkServlet 'dispatcherServlet': initialization completed in 47 ms
23:06:04.720 [MessageBroker-1] INFO  o.s.w.s.c.WebSocketMessageBrokerStats - WebSocketSession[1 current WS(1)-HttpStream(0)-HttpPoll(0), 2 total, 0 closed abnormally (0 connect failure, 0 send limit, 0 transport error)], stompSubProtocol[processed CONNECT(2)-CONNECTED(2)-DISCONNECT(0)], stompBrokerRelay[null], inboundChannel[pool size = 8, active threads = 0, queued tasks = 0, completed tasks = 42], outboundChannelpool size = 8, active threads = 0, queued tasks = 0, completed tasks = 12], sockJsScheduler[pool size = 4, active threads = 1, queued tasks = 2, completed tasks = 9]
