2018-03-18 08:54:12.452 [main] INFO  com.data.trans.Application - Starting Application on dningcheng with PID 5060 (C:\Users\dning\git\dennis-demo\transboot\target\classes started by dennis in C:\Users\dning\git\dennis-demo\transboot)
2018-03-18 08:54:12.456 [main] INFO  com.data.trans.Application - No active profile set, falling back to default profiles: default
2018-03-18 08:54:12.874 [main] INFO  o.s.b.c.e.AnnotationConfigEmbeddedWebApplicationContext - Refreshing org.springframework.boot.context.embedded.AnnotationConfigEmbeddedWebApplicationContext@5fbe4146: startup date [Sun Mar 18 08:54:12 CST 2018]; root of context hierarchy
2018-03-18 08:54:14.781 [main] INFO  c.alibaba.druid.pool.DruidDataSource - {dataSource-1} inited
2018-03-18 08:54:14.820 [main] INFO  com.data.trans.config.DruidDBConfig - druid连接池初始化完毕!
2018-03-18 08:54:15.605 [main] INFO  o.s.b.c.e.t.TomcatEmbeddedServletContainer - Tomcat initialized with port(s): 8080 (http)
2018-03-18 08:54:15.617 [main] INFO  o.a.catalina.core.StandardService - Starting service [Tomcat]
2018-03-18 08:54:15.619 [main] INFO  o.a.catalina.core.StandardEngine - Starting Servlet Engine: Apache Tomcat/8.5.23
2018-03-18 08:54:15.790 [localhost-startStop-1] INFO  o.a.c.c.C.[Tomcat].[localhost].[/] - Initializing Spring embedded WebApplicationContext
2018-03-18 08:54:15.790 [localhost-startStop-1] INFO  o.s.web.context.ContextLoader - Root WebApplicationContext: initialization completed in 2916 ms
2018-03-18 08:54:16.005 [localhost-startStop-1] INFO  o.s.b.w.s.ServletRegistrationBean - Mapping servlet: 'dispatcherServlet' to [/]
2018-03-18 08:54:16.010 [localhost-startStop-1] INFO  o.s.b.w.s.FilterRegistrationBean - Mapping filter: 'characterEncodingFilter' to: [/*]
2018-03-18 08:54:16.012 [localhost-startStop-1] INFO  o.s.b.w.s.FilterRegistrationBean - Mapping filter: 'hiddenHttpMethodFilter' to: [/*]
2018-03-18 08:54:16.012 [localhost-startStop-1] INFO  o.s.b.w.s.FilterRegistrationBean - Mapping filter: 'httpPutFormContentFilter' to: [/*]
2018-03-18 08:54:16.012 [localhost-startStop-1] INFO  o.s.b.w.s.FilterRegistrationBean - Mapping filter: 'requestContextFilter' to: [/*]
2018-03-18 08:54:16.091 [main] INFO  com.data.trans.config.ElasticConfig - 开始初始化es连接池...
2018-03-18 08:54:18.358 [main] WARN  o.s.b.c.e.AnnotationConfigEmbeddedWebApplicationContext - Exception encountered during context initialization - cancelling refresh attempt: org.springframework.beans.factory.BeanCreationException: Error creating bean with name 'cmdControlller': Injection of resource dependencies failed; nested exception is org.springframework.beans.factory.UnsatisfiedDependencyException: Error creating bean with name 'transManager': Unsatisfied dependency expressed through field 'esSource'; nested exception is org.springframework.beans.factory.BeanCreationException: Error creating bean with name 'EsDataSource' defined in class path resource [com/data/trans/config/ElasticConfig.class]: Bean instantiation via factory method failed; nested exception is org.springframework.beans.BeanInstantiationException: Failed to instantiate [com.data.trans.datasource.ElasticDataSource]: Factory method 'EsDataSource' threw exception; nested exception is NoNodeAvailableException[None of the configured nodes are available: [{#transport#-1}{OC8Ai8cmR3K9ixZf_W9ysw}{192.168.31.33}{192.168.31.33:9300}]]
2018-03-18 08:54:18.363 [main] INFO  c.alibaba.druid.pool.DruidDataSource - {dataSource-1} closed
2018-03-18 08:54:18.365 [main] INFO  o.a.catalina.core.StandardService - Stopping service [Tomcat]
2018-03-18 08:54:18.381 [main] INFO  o.s.b.a.l.AutoConfigurationReportLoggingInitializer - 

Error starting ApplicationContext. To display the auto-configuration report re-run your application with 'debug' enabled.
2018-03-18 08:54:18.390 [main] ERROR o.s.boot.SpringApplication - Application startup failed
org.springframework.beans.factory.BeanCreationException: Error creating bean with name 'cmdControlller': Injection of resource dependencies failed; nested exception is org.springframework.beans.factory.UnsatisfiedDependencyException: Error creating bean with name 'transManager': Unsatisfied dependency expressed through field 'esSource'; nested exception is org.springframework.beans.factory.BeanCreationException: Error creating bean with name 'EsDataSource' defined in class path resource [com/data/trans/config/ElasticConfig.class]: Bean instantiation via factory method failed; nested exception is org.springframework.beans.BeanInstantiationException: Failed to instantiate [com.data.trans.datasource.ElasticDataSource]: Factory method 'EsDataSource' threw exception; nested exception is NoNodeAvailableException[None of the configured nodes are available: [{#transport#-1}{OC8Ai8cmR3K9ixZf_W9ysw}{192.168.31.33}{192.168.31.33:9300}]]
	at org.springframework.context.annotation.CommonAnnotationBeanPostProcessor.postProcessPropertyValues(CommonAnnotationBeanPostProcessor.java:321)
	at org.springframework.beans.factory.support.AbstractAutowireCapableBeanFactory.populateBean(AbstractAutowireCapableBeanFactory.java:1264)
	at org.springframework.beans.factory.support.AbstractAutowireCapableBeanFactory.doCreateBean(AbstractAutowireCapableBeanFactory.java:553)
	at org.springframework.beans.factory.support.AbstractAutowireCapableBeanFactory.createBean(AbstractAutowireCapableBeanFactory.java:483)
	at org.springframework.beans.factory.support.AbstractBeanFactory$1.getObject(AbstractBeanFactory.java:306)
	at org.springframework.beans.factory.support.DefaultSingletonBeanRegistry.getSingleton(DefaultSingletonBeanRegistry.java:230)
	at org.springframework.beans.factory.support.AbstractBeanFactory.doGetBean(AbstractBeanFactory.java:302)
	at org.springframework.beans.factory.support.AbstractBeanFactory.getBean(AbstractBeanFactory.java:197)
	at org.springframework.beans.factory.support.DefaultListableBeanFactory.preInstantiateSingletons(DefaultListableBeanFactory.java:761)
	at org.springframework.context.support.AbstractApplicationContext.finishBeanFactoryInitialization(AbstractApplicationContext.java:867)
	at org.springframework.context.support.AbstractApplicationContext.refresh(AbstractApplicationContext.java:543)
	at org.springframework.boot.context.embedded.EmbeddedWebApplicationContext.refresh(EmbeddedWebApplicationContext.java:122)
	at org.springframework.boot.SpringApplication.refresh(SpringApplication.java:693)
	at org.springframework.boot.SpringApplication.refreshContext(SpringApplication.java:360)
	at org.springframework.boot.SpringApplication.run(SpringApplication.java:303)
	at org.springframework.boot.SpringApplication.run(SpringApplication.java:1118)
	at org.springframework.boot.SpringApplication.run(SpringApplication.java:1107)
	at com.data.trans.Application.main(Application.java:19)
Caused by: org.springframework.beans.factory.UnsatisfiedDependencyException: Error creating bean with name 'transManager': Unsatisfied dependency expressed through field 'esSource'; nested exception is org.springframework.beans.factory.BeanCreationException: Error creating bean with name 'EsDataSource' defined in class path resource [com/data/trans/config/ElasticConfig.class]: Bean instantiation via factory method failed; nested exception is org.springframework.beans.BeanInstantiationException: Failed to instantiate [com.data.trans.datasource.ElasticDataSource]: Factory method 'EsDataSource' threw exception; nested exception is NoNodeAvailableException[None of the configured nodes are available: [{#transport#-1}{OC8Ai8cmR3K9ixZf_W9ysw}{192.168.31.33}{192.168.31.33:9300}]]
	at org.springframework.beans.factory.annotation.AutowiredAnnotationBeanPostProcessor$AutowiredFieldElement.inject(AutowiredAnnotationBeanPostProcessor.java:588)
	at org.springframework.beans.factory.annotation.InjectionMetadata.inject(InjectionMetadata.java:88)
	at org.springframework.beans.factory.annotation.AutowiredAnnotationBeanPostProcessor.postProcessPropertyValues(AutowiredAnnotationBeanPostProcessor.java:366)
	at org.springframework.beans.factory.support.AbstractAutowireCapableBeanFactory.populateBean(AbstractAutowireCapableBeanFactory.java:1264)
	at org.springframework.beans.factory.support.AbstractAutowireCapableBeanFactory.doCreateBean(AbstractAutowireCapableBeanFactory.java:553)
	at org.springframework.beans.factory.support.AbstractAutowireCapableBeanFactory.createBean(AbstractAutowireCapableBeanFactory.java:483)
	at org.springframework.beans.factory.support.AbstractBeanFactory$1.getObject(AbstractBeanFactory.java:306)
	at org.springframework.beans.factory.support.DefaultSingletonBeanRegistry.getSingleton(DefaultSingletonBeanRegistry.java:230)
	at org.springframework.beans.factory.support.AbstractBeanFactory.doGetBean(AbstractBeanFactory.java:302)
	at org.springframework.beans.factory.support.AbstractBeanFactory.getBean(AbstractBeanFactory.java:202)
	at org.springframework.context.annotation.CommonAnnotationBeanPostProcessor.autowireResource(CommonAnnotationBeanPostProcessor.java:522)
	at org.springframework.context.annotation.CommonAnnotationBeanPostProcessor.getResource(CommonAnnotationBeanPostProcessor.java:496)
	at org.springframework.context.annotation.CommonAnnotationBeanPostProcessor$ResourceElement.getResourceToInject(CommonAnnotationBeanPostProcessor.java:627)
	at org.springframework.beans.factory.annotation.InjectionMetadata$InjectedElement.inject(InjectionMetadata.java:169)
	at org.springframework.beans.factory.annotation.InjectionMetadata.inject(InjectionMetadata.java:88)
	at org.springframework.context.annotation.CommonAnnotationBeanPostProcessor.postProcessPropertyValues(CommonAnnotationBeanPostProcessor.java:318)
	... 17 common frames omitted
Caused by: org.springframework.beans.factory.BeanCreationException: Error creating bean with name 'EsDataSource' defined in class path resource [com/data/trans/config/ElasticConfig.class]: Bean instantiation via factory method failed; nested exception is org.springframework.beans.BeanInstantiationException: Failed to instantiate [com.data.trans.datasource.ElasticDataSource]: Factory method 'EsDataSource' threw exception; nested exception is NoNodeAvailableException[None of the configured nodes are available: [{#transport#-1}{OC8Ai8cmR3K9ixZf_W9ysw}{192.168.31.33}{192.168.31.33:9300}]]
	at org.springframework.beans.factory.support.ConstructorResolver.instantiateUsingFactoryMethod(ConstructorResolver.java:599)
	at org.springframework.beans.factory.support.AbstractAutowireCapableBeanFactory.instantiateUsingFactoryMethod(AbstractAutowireCapableBeanFactory.java:1173)
	at org.springframework.beans.factory.support.AbstractAutowireCapableBeanFactory.createBeanInstance(AbstractAutowireCapableBeanFactory.java:1067)
	at org.springframework.beans.factory.support.AbstractAutowireCapableBeanFactory.doCreateBean(AbstractAutowireCapableBeanFactory.java:513)
	at org.springframework.beans.factory.support.AbstractAutowireCapableBeanFactory.createBean(AbstractAutowireCapableBeanFactory.java:483)
	at org.springframework.beans.factory.support.AbstractBeanFactory$1.getObject(AbstractBeanFactory.java:306)
	at org.springframework.beans.factory.support.DefaultSingletonBeanRegistry.getSingleton(DefaultSingletonBeanRegistry.java:230)
	at org.springframework.beans.factory.support.AbstractBeanFactory.doGetBean(AbstractBeanFactory.java:302)
	at org.springframework.beans.factory.support.AbstractBeanFactory.getBean(AbstractBeanFactory.java:202)
	at org.springframework.beans.factory.config.DependencyDescriptor.resolveCandidate(DependencyDescriptor.java:208)
	at org.springframework.beans.factory.support.DefaultListableBeanFactory.doResolveDependency(DefaultListableBeanFactory.java:1138)
	at org.springframework.beans.factory.support.DefaultListableBeanFactory.resolveDependency(DefaultListableBeanFactory.java:1066)
	at org.springframework.beans.factory.annotation.AutowiredAnnotationBeanPostProcessor$AutowiredFieldElement.inject(AutowiredAnnotationBeanPostProcessor.java:585)
	... 32 common frames omitted
Caused by: org.springframework.beans.BeanInstantiationException: Failed to instantiate [com.data.trans.datasource.ElasticDataSource]: Factory method 'EsDataSource' threw exception; nested exception is NoNodeAvailableException[None of the configured nodes are available: [{#transport#-1}{OC8Ai8cmR3K9ixZf_W9ysw}{192.168.31.33}{192.168.31.33:9300}]]
	at org.springframework.beans.factory.support.SimpleInstantiationStrategy.instantiate(SimpleInstantiationStrategy.java:189)
	at org.springframework.beans.factory.support.ConstructorResolver.instantiateUsingFactoryMethod(ConstructorResolver.java:588)
	... 44 common frames omitted
Caused by: org.elasticsearch.client.transport.NoNodeAvailableException: None of the configured nodes are available: [{#transport#-1}{OC8Ai8cmR3K9ixZf_W9ysw}{192.168.31.33}{192.168.31.33:9300}]
	at org.elasticsearch.client.transport.TransportClientNodesService.ensureNodesAreAvailable(TransportClientNodesService.java:347)
	at org.elasticsearch.client.transport.TransportClientNodesService.execute(TransportClientNodesService.java:245)
	at org.elasticsearch.client.transport.TransportProxyClient.execute(TransportProxyClient.java:59)
	at org.elasticsearch.client.transport.TransportClient.doExecute(TransportClient.java:363)
	at org.elasticsearch.client.support.AbstractClient.execute(AbstractClient.java:408)
	at org.elasticsearch.client.support.AbstractClient$ClusterAdmin.execute(AbstractClient.java:730)
	at org.elasticsearch.action.ActionRequestBuilder.execute(ActionRequestBuilder.java:80)
	at org.elasticsearch.action.ActionRequestBuilder.execute(ActionRequestBuilder.java:54)
	at com.data.trans.datasource.ElasticDataSource.initDataSource(ElasticDataSource.java:44)
	at com.data.trans.config.ElasticConfig.EsDataSource(ElasticConfig.java:40)
	at com.data.trans.config.ElasticConfig$$EnhancerBySpringCGLIB$$c6f2c4d5.CGLIB$EsDataSource$1(<generated>)
	at com.data.trans.config.ElasticConfig$$EnhancerBySpringCGLIB$$c6f2c4d5$$FastClassBySpringCGLIB$$65d9d72.invoke(<generated>)
	at org.springframework.cglib.proxy.MethodProxy.invokeSuper(MethodProxy.java:228)
	at org.springframework.context.annotation.ConfigurationClassEnhancer$BeanMethodInterceptor.intercept(ConfigurationClassEnhancer.java:358)
	at com.data.trans.config.ElasticConfig$$EnhancerBySpringCGLIB$$c6f2c4d5.EsDataSource(<generated>)
	at sun.reflect.NativeMethodAccessorImpl.invoke0(Native Method)
	at sun.reflect.NativeMethodAccessorImpl.invoke(Unknown Source)
	at sun.reflect.DelegatingMethodAccessorImpl.invoke(Unknown Source)
	at java.lang.reflect.Method.invoke(Unknown Source)
	at org.springframework.beans.factory.support.SimpleInstantiationStrategy.instantiate(SimpleInstantiationStrategy.java:162)
	... 45 common frames omitted
2018-03-18 08:56:40.216 [main] INFO  com.data.trans.Application - Starting Application on dningcheng with PID 11012 (C:\Users\dning\git\dennis-demo\transboot\target\classes started by dennis in C:\Users\dning\git\dennis-demo\transboot)
2018-03-18 08:56:40.219 [main] INFO  com.data.trans.Application - No active profile set, falling back to default profiles: default
2018-03-18 08:56:40.574 [main] INFO  o.s.b.c.e.AnnotationConfigEmbeddedWebApplicationContext - Refreshing org.springframework.boot.context.embedded.AnnotationConfigEmbeddedWebApplicationContext@5fbe4146: startup date [Sun Mar 18 08:56:40 CST 2018]; root of context hierarchy
2018-03-18 08:56:42.695 [main] INFO  c.alibaba.druid.pool.DruidDataSource - {dataSource-1} inited
2018-03-18 08:56:42.756 [main] INFO  com.data.trans.config.DruidDBConfig - druid连接池初始化完毕!
2018-03-18 08:56:43.550 [main] INFO  o.s.b.c.e.t.TomcatEmbeddedServletContainer - Tomcat initialized with port(s): 8080 (http)
2018-03-18 08:56:43.561 [main] INFO  o.a.catalina.core.StandardService - Starting service [Tomcat]
2018-03-18 08:56:43.563 [main] INFO  o.a.catalina.core.StandardEngine - Starting Servlet Engine: Apache Tomcat/8.5.23
2018-03-18 08:56:43.722 [localhost-startStop-1] INFO  o.a.c.c.C.[Tomcat].[localhost].[/] - Initializing Spring embedded WebApplicationContext
2018-03-18 08:56:43.722 [localhost-startStop-1] INFO  o.s.web.context.ContextLoader - Root WebApplicationContext: initialization completed in 3148 ms
2018-03-18 08:56:43.978 [localhost-startStop-1] INFO  o.s.b.w.s.ServletRegistrationBean - Mapping servlet: 'dispatcherServlet' to [/]
2018-03-18 08:56:43.985 [localhost-startStop-1] INFO  o.s.b.w.s.FilterRegistrationBean - Mapping filter: 'characterEncodingFilter' to: [/*]
2018-03-18 08:56:43.986 [localhost-startStop-1] INFO  o.s.b.w.s.FilterRegistrationBean - Mapping filter: 'hiddenHttpMethodFilter' to: [/*]
2018-03-18 08:56:43.986 [localhost-startStop-1] INFO  o.s.b.w.s.FilterRegistrationBean - Mapping filter: 'httpPutFormContentFilter' to: [/*]
2018-03-18 08:56:43.986 [localhost-startStop-1] INFO  o.s.b.w.s.FilterRegistrationBean - Mapping filter: 'requestContextFilter' to: [/*]
2018-03-18 08:56:44.069 [main] INFO  com.data.trans.config.ElasticConfig - 开始初始化es连接池...
2018-03-18 08:56:46.381 [main] INFO  c.d.t.datasource.ElasticDataSource - put into espool client0
2018-03-18 08:56:46.439 [main] INFO  c.d.t.datasource.ElasticDataSource - put into espool client1
2018-03-18 08:56:46.680 [main] INFO  c.d.t.datasource.ElasticDataSource - put into espool client2
2018-03-18 08:56:46.729 [main] INFO  c.d.t.datasource.ElasticDataSource - put into espool client3
2018-03-18 08:56:46.781 [main] INFO  c.d.t.datasource.ElasticDataSource - put into espool client4
2018-03-18 08:56:46.822 [main] INFO  c.d.t.datasource.ElasticDataSource - put into espool client5
2018-03-18 08:56:46.854 [main] INFO  c.d.t.datasource.ElasticDataSource - put into espool client6
2018-03-18 08:56:46.908 [main] INFO  c.d.t.datasource.ElasticDataSource - put into espool client7
2018-03-18 08:56:46.945 [main] INFO  c.d.t.datasource.ElasticDataSource - put into espool client8
2018-03-18 08:56:46.973 [main] INFO  c.d.t.datasource.ElasticDataSource - put into espool client9
2018-03-18 08:56:46.973 [main] INFO  com.data.trans.config.ElasticConfig - 初始化es连接池结束！
2018-03-18 08:56:47.388 [main] INFO  o.s.s.c.ThreadPoolTaskExecutor - Initializing ExecutorService  'clientInboundChannelExecutor'
2018-03-18 08:56:47.400 [main] INFO  o.s.s.c.ThreadPoolTaskExecutor - Initializing ExecutorService  'clientOutboundChannelExecutor'
2018-03-18 08:56:47.414 [main] WARN  o.s.b.c.e.AnnotationConfigEmbeddedWebApplicationContext - Exception encountered during context initialization - cancelling refresh attempt: org.springframework.beans.factory.BeanCreationException: Error creating bean with name 'cmdControlller': Injection of resource dependencies failed; nested exception is org.springframework.beans.factory.BeanCreationException: Error creating bean with name 'transManager': Injection of autowired dependencies failed; nested exception is java.lang.IllegalArgumentException: Could not resolve placeholder 'elastic.client.import.index' in value "${elastic.client.import.index}"
2018-03-18 08:56:47.414 [main] INFO  o.s.s.c.ThreadPoolTaskExecutor - Shutting down ExecutorService 'clientOutboundChannelExecutor'
2018-03-18 08:56:47.415 [main] INFO  o.s.s.c.ThreadPoolTaskExecutor - Shutting down ExecutorService 'clientInboundChannelExecutor'
2018-03-18 08:56:47.419 [main] INFO  c.alibaba.druid.pool.DruidDataSource - {dataSource-1} closed
2018-03-18 08:56:47.422 [main] INFO  o.a.catalina.core.StandardService - Stopping service [Tomcat]
2018-03-18 08:56:47.436 [main] INFO  o.s.b.a.l.AutoConfigurationReportLoggingInitializer - 

Error starting ApplicationContext. To display the auto-configuration report re-run your application with 'debug' enabled.
2018-03-18 08:56:47.443 [main] ERROR o.s.boot.SpringApplication - Application startup failed
org.springframework.beans.factory.BeanCreationException: Error creating bean with name 'cmdControlller': Injection of resource dependencies failed; nested exception is org.springframework.beans.factory.BeanCreationException: Error creating bean with name 'transManager': Injection of autowired dependencies failed; nested exception is java.lang.IllegalArgumentException: Could not resolve placeholder 'elastic.client.import.index' in value "${elastic.client.import.index}"
	at org.springframework.context.annotation.CommonAnnotationBeanPostProcessor.postProcessPropertyValues(CommonAnnotationBeanPostProcessor.java:321)
	at org.springframework.beans.factory.support.AbstractAutowireCapableBeanFactory.populateBean(AbstractAutowireCapableBeanFactory.java:1264)
	at org.springframework.beans.factory.support.AbstractAutowireCapableBeanFactory.doCreateBean(AbstractAutowireCapableBeanFactory.java:553)
	at org.springframework.beans.factory.support.AbstractAutowireCapableBeanFactory.createBean(AbstractAutowireCapableBeanFactory.java:483)
	at org.springframework.beans.factory.support.AbstractBeanFactory$1.getObject(AbstractBeanFactory.java:306)
	at org.springframework.beans.factory.support.DefaultSingletonBeanRegistry.getSingleton(DefaultSingletonBeanRegistry.java:230)
	at org.springframework.beans.factory.support.AbstractBeanFactory.doGetBean(AbstractBeanFactory.java:302)
	at org.springframework.beans.factory.support.AbstractBeanFactory.getBean(AbstractBeanFactory.java:197)
	at org.springframework.beans.factory.support.DefaultListableBeanFactory.preInstantiateSingletons(DefaultListableBeanFactory.java:761)
	at org.springframework.context.support.AbstractApplicationContext.finishBeanFactoryInitialization(AbstractApplicationContext.java:867)
	at org.springframework.context.support.AbstractApplicationContext.refresh(AbstractApplicationContext.java:543)
	at org.springframework.boot.context.embedded.EmbeddedWebApplicationContext.refresh(EmbeddedWebApplicationContext.java:122)
	at org.springframework.boot.SpringApplication.refresh(SpringApplication.java:693)
	at org.springframework.boot.SpringApplication.refreshContext(SpringApplication.java:360)
	at org.springframework.boot.SpringApplication.run(SpringApplication.java:303)
	at org.springframework.boot.SpringApplication.run(SpringApplication.java:1118)
	at org.springframework.boot.SpringApplication.run(SpringApplication.java:1107)
	at com.data.trans.Application.main(Application.java:19)
Caused by: org.springframework.beans.factory.BeanCreationException: Error creating bean with name 'transManager': Injection of autowired dependencies failed; nested exception is java.lang.IllegalArgumentException: Could not resolve placeholder 'elastic.client.import.index' in value "${elastic.client.import.index}"
	at org.springframework.beans.factory.annotation.AutowiredAnnotationBeanPostProcessor.postProcessPropertyValues(AutowiredAnnotationBeanPostProcessor.java:372)
	at org.springframework.beans.factory.support.AbstractAutowireCapableBeanFactory.populateBean(AbstractAutowireCapableBeanFactory.java:1264)
	at org.springframework.beans.factory.support.AbstractAutowireCapableBeanFactory.doCreateBean(AbstractAutowireCapableBeanFactory.java:553)
	at org.springframework.beans.factory.support.AbstractAutowireCapableBeanFactory.createBean(AbstractAutowireCapableBeanFactory.java:483)
	at org.springframework.beans.factory.support.AbstractBeanFactory$1.getObject(AbstractBeanFactory.java:306)
	at org.springframework.beans.factory.support.DefaultSingletonBeanRegistry.getSingleton(DefaultSingletonBeanRegistry.java:230)
	at org.springframework.beans.factory.support.AbstractBeanFactory.doGetBean(AbstractBeanFactory.java:302)
	at org.springframework.beans.factory.support.AbstractBeanFactory.getBean(AbstractBeanFactory.java:202)
	at org.springframework.context.annotation.CommonAnnotationBeanPostProcessor.autowireResource(CommonAnnotationBeanPostProcessor.java:522)
	at org.springframework.context.annotation.CommonAnnotationBeanPostProcessor.getResource(CommonAnnotationBeanPostProcessor.java:496)
	at org.springframework.context.annotation.CommonAnnotationBeanPostProcessor$ResourceElement.getResourceToInject(CommonAnnotationBeanPostProcessor.java:627)
	at org.springframework.beans.factory.annotation.InjectionMetadata$InjectedElement.inject(InjectionMetadata.java:169)
	at org.springframework.beans.factory.annotation.InjectionMetadata.inject(InjectionMetadata.java:88)
	at org.springframework.context.annotation.CommonAnnotationBeanPostProcessor.postProcessPropertyValues(CommonAnnotationBeanPostProcessor.java:318)
	... 17 common frames omitted
Caused by: java.lang.IllegalArgumentException: Could not resolve placeholder 'elastic.client.import.index' in value "${elastic.client.import.index}"
	at org.springframework.util.PropertyPlaceholderHelper.parseStringValue(PropertyPlaceholderHelper.java:174)
	at org.springframework.util.PropertyPlaceholderHelper.replacePlaceholders(PropertyPlaceholderHelper.java:126)
	at org.springframework.core.env.AbstractPropertyResolver.doResolvePlaceholders(AbstractPropertyResolver.java:236)
	at org.springframework.core.env.AbstractPropertyResolver.resolveRequiredPlaceholders(AbstractPropertyResolver.java:210)
	at org.springframework.context.support.PropertySourcesPlaceholderConfigurer$2.resolveStringValue(PropertySourcesPlaceholderConfigurer.java:172)
	at org.springframework.beans.factory.support.AbstractBeanFactory.resolveEmbeddedValue(AbstractBeanFactory.java:831)
	at org.springframework.beans.factory.support.DefaultListableBeanFactory.doResolveDependency(DefaultListableBeanFactory.java:1086)
	at org.springframework.beans.factory.support.DefaultListableBeanFactory.resolveDependency(DefaultListableBeanFactory.java:1066)
	at org.springframework.beans.factory.annotation.AutowiredAnnotationBeanPostProcessor$AutowiredFieldElement.inject(AutowiredAnnotationBeanPostProcessor.java:585)
	at org.springframework.beans.factory.annotation.InjectionMetadata.inject(InjectionMetadata.java:88)
	at org.springframework.beans.factory.annotation.AutowiredAnnotationBeanPostProcessor.postProcessPropertyValues(AutowiredAnnotationBeanPostProcessor.java:366)
	... 30 common frames omitted
2018-03-18 08:59:59.591 [main] INFO  com.data.trans.Application - Starting Application on dningcheng with PID 2816 (C:\Users\dning\git\dennis-demo\transboot\target\classes started by dennis in C:\Users\dning\git\dennis-demo\transboot)
2018-03-18 08:59:59.609 [main] INFO  com.data.trans.Application - No active profile set, falling back to default profiles: default
2018-03-18 09:00:00.335 [main] INFO  o.s.b.c.e.AnnotationConfigEmbeddedWebApplicationContext - Refreshing org.springframework.boot.context.embedded.AnnotationConfigEmbeddedWebApplicationContext@3549bca9: startup date [Sun Mar 18 09:00:00 CST 2018]; root of context hierarchy
2018-03-18 09:00:02.235 [main] INFO  c.alibaba.druid.pool.DruidDataSource - {dataSource-1} inited
2018-03-18 09:00:02.281 [main] INFO  com.data.trans.config.DruidDBConfig - druid连接池初始化完毕!
2018-03-18 09:00:03.218 [main] INFO  o.s.b.c.e.t.TomcatEmbeddedServletContainer - Tomcat initialized with port(s): 8080 (http)
2018-03-18 09:00:03.235 [main] INFO  o.a.catalina.core.StandardService - Starting service [Tomcat]
2018-03-18 09:00:03.238 [main] INFO  o.a.catalina.core.StandardEngine - Starting Servlet Engine: Apache Tomcat/8.5.23
2018-03-18 09:00:03.413 [localhost-startStop-1] INFO  o.a.c.c.C.[Tomcat].[localhost].[/] - Initializing Spring embedded WebApplicationContext
2018-03-18 09:00:03.413 [localhost-startStop-1] INFO  o.s.web.context.ContextLoader - Root WebApplicationContext: initialization completed in 3078 ms
2018-03-18 09:00:03.750 [localhost-startStop-1] INFO  o.s.b.w.s.ServletRegistrationBean - Mapping servlet: 'dispatcherServlet' to [/]
2018-03-18 09:00:03.757 [localhost-startStop-1] INFO  o.s.b.w.s.FilterRegistrationBean - Mapping filter: 'characterEncodingFilter' to: [/*]
2018-03-18 09:00:03.759 [localhost-startStop-1] INFO  o.s.b.w.s.FilterRegistrationBean - Mapping filter: 'hiddenHttpMethodFilter' to: [/*]
2018-03-18 09:00:03.759 [localhost-startStop-1] INFO  o.s.b.w.s.FilterRegistrationBean - Mapping filter: 'httpPutFormContentFilter' to: [/*]
2018-03-18 09:00:03.759 [localhost-startStop-1] INFO  o.s.b.w.s.FilterRegistrationBean - Mapping filter: 'requestContextFilter' to: [/*]
2018-03-18 09:00:03.874 [main] INFO  com.data.trans.config.ElasticConfig - 开始初始化es连接池...
2018-03-18 09:00:06.272 [main] INFO  c.d.t.datasource.ElasticDataSource - put into espool client0
2018-03-18 09:00:06.342 [main] INFO  c.d.t.datasource.ElasticDataSource - put into espool client1
2018-03-18 09:00:06.428 [main] INFO  c.d.t.datasource.ElasticDataSource - put into espool client2
2018-03-18 09:00:06.684 [main] INFO  c.d.t.datasource.ElasticDataSource - put into espool client3
2018-03-18 09:00:06.727 [main] INFO  c.d.t.datasource.ElasticDataSource - put into espool client4
2018-03-18 09:00:06.787 [main] INFO  c.d.t.datasource.ElasticDataSource - put into espool client5
2018-03-18 09:00:06.836 [main] INFO  c.d.t.datasource.ElasticDataSource - put into espool client6
2018-03-18 09:00:06.886 [main] INFO  c.d.t.datasource.ElasticDataSource - put into espool client7
2018-03-18 09:00:06.956 [main] INFO  c.d.t.datasource.ElasticDataSource - put into espool client8
2018-03-18 09:00:07.006 [main] INFO  c.d.t.datasource.ElasticDataSource - put into espool client9
2018-03-18 09:00:07.006 [main] INFO  com.data.trans.config.ElasticConfig - 初始化es连接池结束！
2018-03-18 09:00:07.468 [main] INFO  o.s.s.c.ThreadPoolTaskExecutor - Initializing ExecutorService  'clientInboundChannelExecutor'
2018-03-18 09:00:07.481 [main] INFO  o.s.s.c.ThreadPoolTaskExecutor - Initializing ExecutorService  'clientOutboundChannelExecutor'
2018-03-18 09:00:07.536 [main] INFO  o.s.s.c.ThreadPoolTaskScheduler - Initializing ExecutorService  'messageBrokerTaskScheduler'
2018-03-18 09:00:07.621 [main] INFO  o.s.w.s.s.s.WebSocketHandlerMapping - Mapped URL path [/myCmdEndpoint/**] onto handler of type [class org.springframework.web.socket.sockjs.support.SockJsHttpRequestHandler]
2018-03-18 09:00:07.642 [main] INFO  o.s.s.c.ThreadPoolTaskExecutor - Initializing ExecutorService  'brokerChannelExecutor'
2018-03-18 09:00:07.818 [main] INFO  o.s.w.s.m.WebSocketAnnotationMethodMessageHandler - Mapped "{[/myCmd],messageType=[MESSAGE]}" onto public com.data.trans.util.CmdUtil com.data.trans.controller.CmdControlller.cmdInter(com.data.trans.util.CmdUtil) throws java.lang.Exception
2018-03-18 09:00:08.095 [main] INFO  o.s.w.s.m.m.a.RequestMappingHandlerAdapter - Looking for @ControllerAdvice: org.springframework.boot.context.embedded.AnnotationConfigEmbeddedWebApplicationContext@3549bca9: startup date [Sun Mar 18 09:00:00 CST 2018]; root of context hierarchy
2018-03-18 09:00:08.216 [main] INFO  o.s.w.s.m.m.a.RequestMappingHandlerMapping - Mapped "{[/login]}" onto public java.lang.String com.data.trans.controller.ComController.login(java.util.Map<java.lang.String, java.lang.Object>)
2018-03-18 09:00:08.223 [main] INFO  o.s.w.s.m.m.a.RequestMappingHandlerMapping - Mapped "{[/error]}" onto public org.springframework.http.ResponseEntity<java.util.Map<java.lang.String, java.lang.Object>> org.springframework.boot.autoconfigure.web.BasicErrorController.error(javax.servlet.http.HttpServletRequest)
2018-03-18 09:00:08.225 [main] INFO  o.s.w.s.m.m.a.RequestMappingHandlerMapping - Mapped "{[/error],produces=[text/html]}" onto public org.springframework.web.servlet.ModelAndView org.springframework.boot.autoconfigure.web.BasicErrorController.errorHtml(javax.servlet.http.HttpServletRequest,javax.servlet.http.HttpServletResponse)
2018-03-18 09:00:08.246 [main] INFO  o.s.w.s.h.SimpleUrlHandlerMapping - Root mapping to handler of type [class org.springframework.web.servlet.mvc.ParameterizableViewController]
2018-03-18 09:00:08.267 [main] INFO  o.s.w.s.h.SimpleUrlHandlerMapping - Mapped URL path [/webjars/**] onto handler of type [class org.springframework.web.servlet.resource.ResourceHttpRequestHandler]
2018-03-18 09:00:08.268 [main] INFO  o.s.w.s.h.SimpleUrlHandlerMapping - Mapped URL path [/**] onto handler of type [class org.springframework.web.servlet.resource.ResourceHttpRequestHandler]
2018-03-18 09:00:08.356 [main] INFO  o.s.w.s.h.SimpleUrlHandlerMapping - Mapped URL path [/**/favicon.ico] onto handler of type [class org.springframework.web.servlet.resource.ResourceHttpRequestHandler]
2018-03-18 09:00:08.448 [main] WARN  o.t.templatemode.TemplateMode - [THYMELEAF][main] Template Mode 'HTML5' is deprecated. Using Template Mode 'HTML' instead.
2018-03-18 09:00:09.406 [main] INFO  o.s.j.e.a.AnnotationMBeanExporter - Registering beans for JMX exposure on startup
2018-03-18 09:00:09.409 [main] INFO  o.s.j.e.a.AnnotationMBeanExporter - Bean with name 'dataSource' has been autodetected for JMX exposure
2018-03-18 09:00:09.415 [main] INFO  o.s.j.e.a.AnnotationMBeanExporter - Located MBean 'dataSource': registering with JMX server as MBean [com.alibaba.druid.pool:name=dataSource,type=DruidDataSource]
2018-03-18 09:00:09.420 [main] INFO  o.s.c.s.DefaultLifecycleProcessor - Starting beans in phase 2147483647
2018-03-18 09:00:09.421 [main] INFO  o.s.m.s.b.SimpleBrokerMessageHandler - Starting...
2018-03-18 09:00:09.421 [main] INFO  o.s.m.s.b.SimpleBrokerMessageHandler - BrokerAvailabilityEvent[available=true, SimpleBrokerMessageHandler [DefaultSubscriptionRegistry[cache[0 destination(s)], registry[0 sessions]]]]
2018-03-18 09:00:09.423 [main] INFO  o.s.m.s.b.SimpleBrokerMessageHandler - Started.
2018-03-18 09:00:09.504 [main] INFO  o.s.b.c.e.t.TomcatEmbeddedServletContainer - Tomcat started on port(s): 8080 (http)
2018-03-18 09:00:09.512 [main] INFO  com.data.trans.Application - Started Application in 10.549 seconds (JVM running for 11.211)
2018-03-18 09:00:51.384 [http-nio-8080-exec-1] INFO  o.a.c.c.C.[Tomcat].[localhost].[/] - Initializing Spring FrameworkServlet 'dispatcherServlet'
2018-03-18 09:00:51.386 [http-nio-8080-exec-1] INFO  o.s.web.servlet.DispatcherServlet - FrameworkServlet 'dispatcherServlet': initialization started
2018-03-18 09:00:51.455 [http-nio-8080-exec-1] INFO  o.s.web.servlet.DispatcherServlet - FrameworkServlet 'dispatcherServlet': initialization completed in 69 ms
2018-03-18 09:01:07.637 [MessageBroker-1] INFO  o.s.w.s.c.WebSocketMessageBrokerStats - WebSocketSession[1 current WS(1)-HttpStream(0)-HttpPoll(0), 1 total, 0 closed abnormally (0 connect failure, 0 send limit, 0 transport error)], stompSubProtocol[processed CONNECT(1)-CONNECTED(1)-DISCONNECT(0)], stompBrokerRelay[null], inboundChannel[pool size = 8, active threads = 0, queued tasks = 0, completed tasks = 18], outboundChannelpool size = 5, active threads = 0, queued tasks = 0, completed tasks = 5], sockJsScheduler[pool size = 4, active threads = 1, queued tasks = 2, completed tasks = 3]
2018-03-18 09:21:52.268 [main] INFO  com.data.trans.Application - Starting Application on dningcheng with PID 15060 (C:\Users\dning\git\dennis-demo\transboot\target\classes started by dennis in C:\Users\dning\git\dennis-demo\transboot)
2018-03-18 09:21:52.273 [main] INFO  com.data.trans.Application - No active profile set, falling back to default profiles: default
2018-03-18 09:21:52.718 [main] INFO  o.s.b.c.e.AnnotationConfigEmbeddedWebApplicationContext - Refreshing org.springframework.boot.context.embedded.AnnotationConfigEmbeddedWebApplicationContext@4f25b795: startup date [Sun Mar 18 09:21:52 CST 2018]; root of context hierarchy
2018-03-18 09:21:54.877 [main] INFO  c.alibaba.druid.pool.DruidDataSource - {dataSource-1} inited
2018-03-18 09:21:54.927 [main] INFO  com.data.trans.config.DruidDBConfig - druid连接池初始化完毕!
2018-03-18 09:21:56.492 [main] INFO  o.s.b.c.e.t.TomcatEmbeddedServletContainer - Tomcat initialized with port(s): 8080 (http)
2018-03-18 09:21:56.507 [main] INFO  o.a.catalina.core.StandardService - Starting service [Tomcat]
2018-03-18 09:21:56.509 [main] INFO  o.a.catalina.core.StandardEngine - Starting Servlet Engine: Apache Tomcat/8.5.23
2018-03-18 09:21:56.733 [localhost-startStop-1] INFO  o.a.c.c.C.[Tomcat].[localhost].[/] - Initializing Spring embedded WebApplicationContext
2018-03-18 09:21:56.734 [localhost-startStop-1] INFO  o.s.web.context.ContextLoader - Root WebApplicationContext: initialization completed in 4017 ms
2018-03-18 09:21:57.126 [localhost-startStop-1] INFO  o.s.b.w.s.ServletRegistrationBean - Mapping servlet: 'dispatcherServlet' to [/]
2018-03-18 09:21:57.136 [localhost-startStop-1] INFO  o.s.b.w.s.FilterRegistrationBean - Mapping filter: 'characterEncodingFilter' to: [/*]
2018-03-18 09:21:57.138 [localhost-startStop-1] INFO  o.s.b.w.s.FilterRegistrationBean - Mapping filter: 'hiddenHttpMethodFilter' to: [/*]
2018-03-18 09:21:57.138 [localhost-startStop-1] INFO  o.s.b.w.s.FilterRegistrationBean - Mapping filter: 'httpPutFormContentFilter' to: [/*]
2018-03-18 09:21:57.139 [localhost-startStop-1] INFO  o.s.b.w.s.FilterRegistrationBean - Mapping filter: 'requestContextFilter' to: [/*]
2018-03-18 09:21:57.266 [main] INFO  com.data.trans.config.ElasticConfig - 开始初始化es连接池...
2018-03-18 09:21:59.834 [main] INFO  c.d.t.datasource.ElasticDataSource - put into espool client0
2018-03-18 09:21:59.919 [main] INFO  c.d.t.datasource.ElasticDataSource - put into espool client1
2018-03-18 09:22:00.183 [main] INFO  c.d.t.datasource.ElasticDataSource - put into espool client2
2018-03-18 09:22:00.238 [main] INFO  c.d.t.datasource.ElasticDataSource - put into espool client3
2018-03-18 09:22:00.287 [main] INFO  c.d.t.datasource.ElasticDataSource - put into espool client4
2018-03-18 09:22:00.359 [main] INFO  c.d.t.datasource.ElasticDataSource - put into espool client5
2018-03-18 09:22:00.404 [main] INFO  c.d.t.datasource.ElasticDataSource - put into espool client6
2018-03-18 09:22:00.476 [main] INFO  c.d.t.datasource.ElasticDataSource - put into espool client7
2018-03-18 09:22:00.535 [main] INFO  c.d.t.datasource.ElasticDataSource - put into espool client8
2018-03-18 09:22:00.576 [main] INFO  c.d.t.datasource.ElasticDataSource - put into espool client9
2018-03-18 09:22:00.577 [main] INFO  com.data.trans.config.ElasticConfig - 初始化es连接池结束！
2018-03-18 09:22:01.057 [main] INFO  o.s.s.c.ThreadPoolTaskExecutor - Initializing ExecutorService  'clientInboundChannelExecutor'
2018-03-18 09:22:01.075 [main] INFO  o.s.s.c.ThreadPoolTaskExecutor - Initializing ExecutorService  'clientOutboundChannelExecutor'
2018-03-18 09:22:01.149 [main] INFO  o.s.s.c.ThreadPoolTaskScheduler - Initializing ExecutorService  'messageBrokerTaskScheduler'
2018-03-18 09:22:01.248 [main] INFO  o.s.w.s.s.s.WebSocketHandlerMapping - Mapped URL path [/myCmdEndpoint/**] onto handler of type [class org.springframework.web.socket.sockjs.support.SockJsHttpRequestHandler]
2018-03-18 09:22:01.278 [main] INFO  o.s.s.c.ThreadPoolTaskExecutor - Initializing ExecutorService  'brokerChannelExecutor'
2018-03-18 09:22:01.462 [main] INFO  o.s.w.s.m.WebSocketAnnotationMethodMessageHandler - Mapped "{[/myCmd],messageType=[MESSAGE]}" onto public com.data.trans.util.CmdUtil com.data.trans.controller.CmdControlller.cmdInter(com.data.trans.util.CmdUtil) throws java.lang.Exception
2018-03-18 09:22:01.841 [main] INFO  o.s.w.s.m.m.a.RequestMappingHandlerAdapter - Looking for @ControllerAdvice: org.springframework.boot.context.embedded.AnnotationConfigEmbeddedWebApplicationContext@4f25b795: startup date [Sun Mar 18 09:21:52 CST 2018]; root of context hierarchy
2018-03-18 09:22:01.935 [main] INFO  o.s.w.s.m.m.a.RequestMappingHandlerMapping - Mapped "{[/login]}" onto public java.lang.String com.data.trans.controller.ComController.login(java.util.Map<java.lang.String, java.lang.Object>)
2018-03-18 09:22:01.939 [main] INFO  o.s.w.s.m.m.a.RequestMappingHandlerMapping - Mapped "{[/error]}" onto public org.springframework.http.ResponseEntity<java.util.Map<java.lang.String, java.lang.Object>> org.springframework.boot.autoconfigure.web.BasicErrorController.error(javax.servlet.http.HttpServletRequest)
2018-03-18 09:22:01.940 [main] INFO  o.s.w.s.m.m.a.RequestMappingHandlerMapping - Mapped "{[/error],produces=[text/html]}" onto public org.springframework.web.servlet.ModelAndView org.springframework.boot.autoconfigure.web.BasicErrorController.errorHtml(javax.servlet.http.HttpServletRequest,javax.servlet.http.HttpServletResponse)
2018-03-18 09:22:01.967 [main] INFO  o.s.w.s.h.SimpleUrlHandlerMapping - Root mapping to handler of type [class org.springframework.web.servlet.mvc.ParameterizableViewController]
2018-03-18 09:22:01.995 [main] INFO  o.s.w.s.h.SimpleUrlHandlerMapping - Mapped URL path [/webjars/**] onto handler of type [class org.springframework.web.servlet.resource.ResourceHttpRequestHandler]
2018-03-18 09:22:01.995 [main] INFO  o.s.w.s.h.SimpleUrlHandlerMapping - Mapped URL path [/**] onto handler of type [class org.springframework.web.servlet.resource.ResourceHttpRequestHandler]
2018-03-18 09:22:02.093 [main] INFO  o.s.w.s.h.SimpleUrlHandlerMapping - Mapped URL path [/**/favicon.ico] onto handler of type [class org.springframework.web.servlet.resource.ResourceHttpRequestHandler]
2018-03-18 09:22:02.178 [main] WARN  o.t.templatemode.TemplateMode - [THYMELEAF][main] Template Mode 'HTML5' is deprecated. Using Template Mode 'HTML' instead.
2018-03-18 09:22:03.308 [main] INFO  o.s.j.e.a.AnnotationMBeanExporter - Registering beans for JMX exposure on startup
2018-03-18 09:22:03.310 [main] INFO  o.s.j.e.a.AnnotationMBeanExporter - Bean with name 'dataSource' has been autodetected for JMX exposure
2018-03-18 09:22:03.318 [main] INFO  o.s.j.e.a.AnnotationMBeanExporter - Located MBean 'dataSource': registering with JMX server as MBean [com.alibaba.druid.pool:name=dataSource,type=DruidDataSource]
2018-03-18 09:22:03.322 [main] INFO  o.s.c.s.DefaultLifecycleProcessor - Starting beans in phase 2147483647
2018-03-18 09:22:03.323 [main] INFO  o.s.m.s.b.SimpleBrokerMessageHandler - Starting...
2018-03-18 09:22:03.323 [main] INFO  o.s.m.s.b.SimpleBrokerMessageHandler - BrokerAvailabilityEvent[available=true, SimpleBrokerMessageHandler [DefaultSubscriptionRegistry[cache[0 destination(s)], registry[0 sessions]]]]
2018-03-18 09:22:03.325 [main] INFO  o.s.m.s.b.SimpleBrokerMessageHandler - Started.
2018-03-18 09:22:03.416 [main] INFO  o.s.b.c.e.t.TomcatEmbeddedServletContainer - Tomcat started on port(s): 8080 (http)
2018-03-18 09:22:03.427 [main] INFO  com.data.trans.Application - Started Application in 11.827 seconds (JVM running for 12.486)
2018-03-18 09:23:01.273 [MessageBroker-1] INFO  o.s.w.s.c.WebSocketMessageBrokerStats - WebSocketSession[0 current WS(0)-HttpStream(0)-HttpPoll(0), 0 total, 0 closed abnormally (0 connect failure, 0 send limit, 0 transport error)], stompSubProtocol[processed CONNECT(0)-CONNECTED(0)-DISCONNECT(0)], stompBrokerRelay[null], inboundChannel[pool size = 0, active threads = 0, queued tasks = 0, completed tasks = 0], outboundChannelpool size = 0, active threads = 0, queued tasks = 0, completed tasks = 0], sockJsScheduler[pool size = 1, active threads = 1, queued tasks = 0, completed tasks = 0]
